This is pdfTeX, Version 3.14159265-2.6-1.40.19 (TeX Live 2018/W32TeX) (preloaded format=pdflatex 2018.12.24)  23 JAN 2019 09:01
entering extended mode
 restricted \write18 enabled.
 %&-line parsing enabled.
**handout.tex
(./handout.tex
LaTeX2e <2018-12-01>
(./krantz.cls
Document Class: krantz 2005/09/16 v1.4f Standard LaTeX document class
(c:/Users/mdlhs/AppData/Roaming/TinyTeX/texmf-dist/tex/latex/base/bk10.clo
File: bk10.clo 2018/09/03 v1.4i Standard LaTeX file (size option)
)
\trimheight=\dimen102
\trimwidth=\dimen103
\normaltextheight=\dimen104
\tempa=\dimen105
\tempdimen=\dimen106
\htrim=\dimen107
\vtrimtop=\dimen108
\vtrimbot=\dimen109
\ul@box=\box27
\ur@box=\box28
\ll@box=\box29
\lr@box=\box30
\@cipboxa=\box31
\@cipboxb=\box32
\@ciprulewidth=\dimen110
\c@part=\count80
\c@chapter=\count81
\c@section=\count82
\c@subsection=\count83
\c@subsubsection=\count84
\c@paragraph=\count85
\c@subparagraph=\count86
\secwd=\dimen111
\subsecwd=\dimen112
\subsubsecwd=\dimen113
\c@figure=\count87
\c@table=\count88
\abovecaptionskip=\skip41
\belowcaptionskip=\skip42
\c@numauthors=\count89
\section@toc@skip=\skip43
\SectionTOCWidth=\skip44
\subsection@toc@skip=\skip45
\SubSectionTOCWidth=\skip46
\subsubsection@toc@skip=\skip47
\SubSubSectionTOCWidth=\skip48
\paragraph@toc@skip=\skip49
\ParagraphTOCWidth=\skip50
\subparagraph@toc@skip=\skip51
\@AUonebox=\box33
\@AUtwobox=\box34
\@AUthreebox=\box35
\@AUfourbox=\box36
\@AUaffonebox=\box37
\@AUafftwobox=\box38
\@AUaffthreebox=\box39
\@AUafffourbox=\box40
\@finalAUboxfromone=\box41
\@finalAUboxfromtwo=\box42
\@finalAUboxfromthree=\box43
\@finalAUboxfromfour=\box44
\c@chaptocdepth=\count90
\bibindent=\dimen114
\tempbox=\box45
\nomenwidth=\dimen115
\@tablebox=\box46
\@tabletitlebox=\box47
\@tablewidth=\dimen116
\@tabletitlewidth=\dimen117
\max@tablewidth=\dimen118
\tempbox=\box48
\tempdimen=\dimen119
\tempbox=\box49
\notewidth=\dimen120
\wherebox=\box50
\wherewidth=\dimen121
\listtextleftmargin=\skip52
\listtextleftmarginii=\skip53
\listtextleftmarginiii=\skip54
\listtextrightmargin=\skip55
\listlabelleftskip=\skip56
\listlabelleftskipii=\skip57
\listlabelleftskipiii=\skip58
\abovelistskipi=\skip59
\belowlistskipi=\skip60
\abovelistskipii=\skip61
\belowlistskipii=\skip62
\abovelistskipiii=\skip63
\belowlistskipiii=\skip64
\labelsepi=\skip65
\labelsepii=\skip66
\labelsepiii=\skip67
\itemsepi=\skip68
\itemsepii=\skip69
\itemsepiii=\skip70
\enumdimwd=\dimen122
\enumdim=\dimen123
\concolwidth=\dimen124
\stempbox=\box51
) (c:/Users/mdlhs/AppData/Roaming/TinyTeX/texmf-dist/tex/latex/lm/lmodern.sty
Package: lmodern 2009/10/30 v1.6 Latin Modern Fonts
LaTeX Font Info:    Overwriting symbol font `operators' in version `normal'
(Font)                  OT1/cmr/m/n --> OT1/lmr/m/n on input line 22.
LaTeX Font Info:    Overwriting symbol font `letters' in version `normal'
(Font)                  OML/cmm/m/it --> OML/lmm/m/it on input line 23.
LaTeX Font Info:    Overwriting symbol font `symbols' in version `normal'
(Font)                  OMS/cmsy/m/n --> OMS/lmsy/m/n on input line 24.
LaTeX Font Info:    Overwriting symbol font `largesymbols' in version `normal'
(Font)                  OMX/cmex/m/n --> OMX/lmex/m/n on input line 25.
LaTeX Font Info:    Overwriting symbol font `operators' in version `bold'
(Font)                  OT1/cmr/bx/n --> OT1/lmr/bx/n on input line 26.
LaTeX Font Info:    Overwriting symbol font `letters' in version `bold'
(Font)                  OML/cmm/b/it --> OML/lmm/b/it on input line 27.
LaTeX Font Info:    Overwriting symbol font `symbols' in version `bold'
(Font)                  OMS/cmsy/b/n --> OMS/lmsy/b/n on input line 28.
LaTeX Font Info:    Overwriting symbol font `largesymbols' in version `bold'
(Font)                  OMX/cmex/m/n --> OMX/lmex/m/n on input line 29.
LaTeX Font Info:    Overwriting math alphabet `\mathbf' in version `normal'
(Font)                  OT1/cmr/bx/n --> OT1/lmr/bx/n on input line 31.
LaTeX Font Info:    Overwriting math alphabet `\mathsf' in version `normal'
(Font)                  OT1/cmss/m/n --> OT1/lmss/m/n on input line 32.
LaTeX Font Info:    Overwriting math alphabet `\mathit' in version `normal'
(Font)                  OT1/cmr/m/it --> OT1/lmr/m/it on input line 33.
LaTeX Font Info:    Overwriting math alphabet `\mathtt' in version `normal'
(Font)                  OT1/cmtt/m/n --> OT1/lmtt/m/n on input line 34.
LaTeX Font Info:    Overwriting math alphabet `\mathbf' in version `bold'
(Font)                  OT1/cmr/bx/n --> OT1/lmr/bx/n on input line 35.
LaTeX Font Info:    Overwriting math alphabet `\mathsf' in version `bold'
(Font)                  OT1/cmss/bx/n --> OT1/lmss/bx/n on input line 36.
LaTeX Font Info:    Overwriting math alphabet `\mathit' in version `bold'
(Font)                  OT1/cmr/bx/it --> OT1/lmr/bx/it on input line 37.
LaTeX Font Info:    Overwriting math alphabet `\mathtt' in version `bold'
(Font)                  OT1/cmtt/m/n --> OT1/lmtt/m/n on input line 38.
)
(c:/Users/mdlhs/AppData/Roaming/TinyTeX/texmf-dist/tex/latex/amsfonts/amssymb.s
ty
Package: amssymb 2013/01/14 v3.01 AMS font symbols

(c:/Users/mdlhs/AppData/Roaming/TinyTeX/texmf-dist/tex/latex/amsfonts/amsfonts.
sty
Package: amsfonts 2013/01/14 v3.01 Basic AMSFonts support
\@emptytoks=\toks14
\symAMSa=\mathgroup4
\symAMSb=\mathgroup5
LaTeX Font Info:    Overwriting math alphabet `\mathfrak' in version `bold'
(Font)                  U/euf/m/n --> U/euf/b/n on input line 106.
))
(c:/Users/mdlhs/AppData/Roaming/TinyTeX/texmf-dist/tex/latex/amsmath/amsmath.st
y
Package: amsmath 2018/12/01 v2.17b AMS math features
\@mathmargin=\skip71
For additional information on amsmath, use the `?' option.

(c:/Users/mdlhs/AppData/Roaming/TinyTeX/texmf-dist/tex/latex/amsmath/amstext.st
y
Package: amstext 2000/06/29 v2.01 AMS text

(c:/Users/mdlhs/AppData/Roaming/TinyTeX/texmf-dist/tex/latex/amsmath/amsgen.sty
File: amsgen.sty 1999/11/30 v2.0 generic functions
\@emptytoks=\toks15
\ex@=\dimen125
))
(c:/Users/mdlhs/AppData/Roaming/TinyTeX/texmf-dist/tex/latex/amsmath/amsbsy.sty
Package: amsbsy 1999/11/29 v1.2d Bold Symbols
\pmbraise@=\dimen126
)
(c:/Users/mdlhs/AppData/Roaming/TinyTeX/texmf-dist/tex/latex/amsmath/amsopn.sty
Package: amsopn 2016/03/08 v2.02 operator names
)
\inf@bad=\count91
LaTeX Info: Redefining \frac on input line 223.
\uproot@=\count92
\leftroot@=\count93
LaTeX Info: Redefining \overline on input line 385.
\classnum@=\count94
\DOTSCASE@=\count95
LaTeX Info: Redefining \ldots on input line 482.
LaTeX Info: Redefining \dots on input line 485.
LaTeX Info: Redefining \cdots on input line 606.
\Mathstrutbox@=\box52
\strutbox@=\box53
\big@size=\dimen127
LaTeX Font Info:    Redeclaring font encoding OML on input line 729.
LaTeX Font Info:    Redeclaring font encoding OMS on input line 730.
\macc@depth=\count96
\c@MaxMatrixCols=\count97
\dotsspace@=\muskip10
\c@parentequation=\count98
\dspbrk@lvl=\count99
\tag@help=\toks16
\row@=\count100
\column@=\count101
\maxfields@=\count102
\andhelp@=\toks17
\eqnshift@=\dimen128
\alignsep@=\dimen129
\tagshift@=\dimen130
\tagwidth@=\dimen131
\totwidth@=\dimen132
\lineht@=\dimen133
\@envbody=\toks18
\multlinegap=\skip72
\multlinetaggap=\skip73
\mathdisplay@stack=\toks19
LaTeX Info: Redefining \[ on input line 2844.
LaTeX Info: Redefining \] on input line 2845.
)
(c:/Users/mdlhs/AppData/Roaming/TinyTeX/texmf-dist/tex/generic/ifxetex/ifxetex.
sty
Package: ifxetex 2010/09/12 v0.6 Provides ifxetex conditional
)
(c:/Users/mdlhs/AppData/Roaming/TinyTeX/texmf-dist/tex/generic/oberdiek/ifluate
x.sty
Package: ifluatex 2016/05/16 v1.4 Provides the ifluatex switch (HO)
Package ifluatex Info: LuaTeX not detected.
) (c:/Users/mdlhs/AppData/Roaming/TinyTeX/texmf-dist/tex/latex/base/fixltx2e.st
y
Package: fixltx2e 2016/12/29 v2.1a fixes to LaTeX (obsolete)
Applying: [2015/01/01] Old fixltx2e package on input line 46.

Package fixltx2e Warning: fixltx2e is not required with releases after 2015
(fixltx2e)                All fixes are now in the LaTeX kernel.
(fixltx2e)                See the latexrelease package for details.

Already applied: [0000/00/00] Old fixltx2e package on input line 53.
) (c:/Users/mdlhs/AppData/Roaming/TinyTeX/texmf-dist/tex/latex/base/fontenc.sty
Package: fontenc 2018/08/11 v2.0j Standard LaTeX package
(c:/Users/mdlhs/AppData/Roaming/TinyTeX/texmf-dist/tex/latex/base/t1enc.def
File: t1enc.def 2018/08/11 v2.0j Standard LaTeX file
LaTeX Font Info:    Redeclaring font encoding T1 on input line 48.
)) (c:/Users/mdlhs/AppData/Roaming/TinyTeX/texmf-dist/tex/latex/base/inputenc.s
ty
Package: inputenc 2018/08/11 v1.3c Input encoding file
\inpenc@prehook=\toks20
\inpenc@posthook=\toks21
) (c:/Users/mdlhs/AppData/Roaming/TinyTeX/texmf-dist/tex/latex/base/textcomp.st
y
Package: textcomp 2018/08/11 v2.0j Standard LaTeX package
Package textcomp Info: Sub-encoding information:
(textcomp)               5 = only ISO-Adobe without \textcurrency
(textcomp)               4 = 5 + \texteuro
(textcomp)               3 = 4 + \textohm
(textcomp)               2 = 3 + \textestimated + \textcurrency
(textcomp)               1 = TS1 - \textcircled - \t
(textcomp)               0 = TS1 (full)
(textcomp)             Font families with sub-encoding setting implement
(textcomp)             only a restricted character set as indicated.
(textcomp)             Family '?' is the default used for unknown fonts.
(textcomp)             See the documentation for details.
Package textcomp Info: Setting ? sub-encoding to TS1/1 on input line 79.
(c:/Users/mdlhs/AppData/Roaming/TinyTeX/texmf-dist/tex/latex/base/ts1enc.def
File: ts1enc.def 2001/06/05 v3.0e (jk/car/fm) Standard LaTeX file
Now handling font encoding TS1 ...
... processing UTF-8 mapping file for font encoding TS1
(c:/Users/mdlhs/AppData/Roaming/TinyTeX/texmf-dist/tex/latex/base/ts1enc.dfu
File: ts1enc.dfu 2018/10/05 v1.2f UTF-8 support for inputenc
   defining Unicode char U+00A2 (decimal 162)
   defining Unicode char U+00A3 (decimal 163)
   defining Unicode char U+00A4 (decimal 164)
   defining Unicode char U+00A5 (decimal 165)
   defining Unicode char U+00A6 (decimal 166)
   defining Unicode char U+00A7 (decimal 167)
   defining Unicode char U+00A8 (decimal 168)
   defining Unicode char U+00A9 (decimal 169)
   defining Unicode char U+00AA (decimal 170)
   defining Unicode char U+00AC (decimal 172)
   defining Unicode char U+00AE (decimal 174)
   defining Unicode char U+00AF (decimal 175)
   defining Unicode char U+00B0 (decimal 176)
   defining Unicode char U+00B1 (decimal 177)
   defining Unicode char U+00B2 (decimal 178)
   defining Unicode char U+00B3 (decimal 179)
   defining Unicode char U+00B4 (decimal 180)
   defining Unicode char U+00B5 (decimal 181)
   defining Unicode char U+00B6 (decimal 182)
   defining Unicode char U+00B7 (decimal 183)
   defining Unicode char U+00B9 (decimal 185)
   defining Unicode char U+00BA (decimal 186)
   defining Unicode char U+00BC (decimal 188)
   defining Unicode char U+00BD (decimal 189)
   defining Unicode char U+00BE (decimal 190)
   defining Unicode char U+00D7 (decimal 215)
   defining Unicode char U+00F7 (decimal 247)
   defining Unicode char U+0192 (decimal 402)
   defining Unicode char U+02C7 (decimal 711)
   defining Unicode char U+02D8 (decimal 728)
   defining Unicode char U+02DD (decimal 733)
   defining Unicode char U+0E3F (decimal 3647)
   defining Unicode char U+2016 (decimal 8214)
   defining Unicode char U+2020 (decimal 8224)
   defining Unicode char U+2021 (decimal 8225)
   defining Unicode char U+2022 (decimal 8226)
   defining Unicode char U+2030 (decimal 8240)
   defining Unicode char U+2031 (decimal 8241)
   defining Unicode char U+203B (decimal 8251)
   defining Unicode char U+203D (decimal 8253)
   defining Unicode char U+2044 (decimal 8260)
   defining Unicode char U+204E (decimal 8270)
   defining Unicode char U+2052 (decimal 8274)
   defining Unicode char U+20A1 (decimal 8353)
   defining Unicode char U+20A4 (decimal 8356)
   defining Unicode char U+20A6 (decimal 8358)
   defining Unicode char U+20A9 (decimal 8361)
   defining Unicode char U+20AB (decimal 8363)
   defining Unicode char U+20AC (decimal 8364)
   defining Unicode char U+20B1 (decimal 8369)
   defining Unicode char U+2103 (decimal 8451)
   defining Unicode char U+2116 (decimal 8470)
   defining Unicode char U+2117 (decimal 8471)
   defining Unicode char U+211E (decimal 8478)
   defining Unicode char U+2120 (decimal 8480)
   defining Unicode char U+2122 (decimal 8482)
   defining Unicode char U+2126 (decimal 8486)
   defining Unicode char U+2127 (decimal 8487)
   defining Unicode char U+212E (decimal 8494)
   defining Unicode char U+2190 (decimal 8592)
   defining Unicode char U+2191 (decimal 8593)
   defining Unicode char U+2192 (decimal 8594)
   defining Unicode char U+2193 (decimal 8595)
   defining Unicode char U+2329 (decimal 9001)
   defining Unicode char U+232A (decimal 9002)
   defining Unicode char U+2422 (decimal 9250)
   defining Unicode char U+25E6 (decimal 9702)
   defining Unicode char U+25EF (decimal 9711)
   defining Unicode char U+266A (decimal 9834)
   defining Unicode char U+FEFF (decimal 65279)
))
LaTeX Info: Redefining \oldstylenums on input line 334.
Package textcomp Info: Setting cmr sub-encoding to TS1/0 on input line 349.
Package textcomp Info: Setting cmss sub-encoding to TS1/0 on input line 350.
Package textcomp Info: Setting cmtt sub-encoding to TS1/0 on input line 351.
Package textcomp Info: Setting cmvtt sub-encoding to TS1/0 on input line 352.
Package textcomp Info: Setting cmbr sub-encoding to TS1/0 on input line 353.
Package textcomp Info: Setting cmtl sub-encoding to TS1/0 on input line 354.
Package textcomp Info: Setting ccr sub-encoding to TS1/0 on input line 355.
Package textcomp Info: Setting ptm sub-encoding to TS1/4 on input line 356.
Package textcomp Info: Setting pcr sub-encoding to TS1/4 on input line 357.
Package textcomp Info: Setting phv sub-encoding to TS1/4 on input line 358.
Package textcomp Info: Setting ppl sub-encoding to TS1/3 on input line 359.
Package textcomp Info: Setting pag sub-encoding to TS1/4 on input line 360.
Package textcomp Info: Setting pbk sub-encoding to TS1/4 on input line 361.
Package textcomp Info: Setting pnc sub-encoding to TS1/4 on input line 362.
Package textcomp Info: Setting pzc sub-encoding to TS1/4 on input line 363.
Package textcomp Info: Setting bch sub-encoding to TS1/4 on input line 364.
Package textcomp Info: Setting put sub-encoding to TS1/5 on input line 365.
Package textcomp Info: Setting uag sub-encoding to TS1/5 on input line 366.
Package textcomp Info: Setting ugq sub-encoding to TS1/5 on input line 367.
Package textcomp Info: Setting ul8 sub-encoding to TS1/4 on input line 368.
Package textcomp Info: Setting ul9 sub-encoding to TS1/4 on input line 369.
Package textcomp Info: Setting augie sub-encoding to TS1/5 on input line 370.
Package textcomp Info: Setting dayrom sub-encoding to TS1/3 on input line 371.
Package textcomp Info: Setting dayroms sub-encoding to TS1/3 on input line 372.

Package textcomp Info: Setting pxr sub-encoding to TS1/0 on input line 373.
Package textcomp Info: Setting pxss sub-encoding to TS1/0 on input line 374.
Package textcomp Info: Setting pxtt sub-encoding to TS1/0 on input line 375.
Package textcomp Info: Setting txr sub-encoding to TS1/0 on input line 376.
Package textcomp Info: Setting txss sub-encoding to TS1/0 on input line 377.
Package textcomp Info: Setting txtt sub-encoding to TS1/0 on input line 378.
Package textcomp Info: Setting lmr sub-encoding to TS1/0 on input line 379.
Package textcomp Info: Setting lmdh sub-encoding to TS1/0 on input line 380.
Package textcomp Info: Setting lmss sub-encoding to TS1/0 on input line 381.
Package textcomp Info: Setting lmssq sub-encoding to TS1/0 on input line 382.
Package textcomp Info: Setting lmvtt sub-encoding to TS1/0 on input line 383.
Package textcomp Info: Setting lmtt sub-encoding to TS1/0 on input line 384.
Package textcomp Info: Setting qhv sub-encoding to TS1/0 on input line 385.
Package textcomp Info: Setting qag sub-encoding to TS1/0 on input line 386.
Package textcomp Info: Setting qbk sub-encoding to TS1/0 on input line 387.
Package textcomp Info: Setting qcr sub-encoding to TS1/0 on input line 388.
Package textcomp Info: Setting qcs sub-encoding to TS1/0 on input line 389.
Package textcomp Info: Setting qpl sub-encoding to TS1/0 on input line 390.
Package textcomp Info: Setting qtm sub-encoding to TS1/0 on input line 391.
Package textcomp Info: Setting qzc sub-encoding to TS1/0 on input line 392.
Package textcomp Info: Setting qhvc sub-encoding to TS1/0 on input line 393.
Package textcomp Info: Setting futs sub-encoding to TS1/4 on input line 394.
Package textcomp Info: Setting futx sub-encoding to TS1/4 on input line 395.
Package textcomp Info: Setting futj sub-encoding to TS1/4 on input line 396.
Package textcomp Info: Setting hlh sub-encoding to TS1/3 on input line 397.
Package textcomp Info: Setting hls sub-encoding to TS1/3 on input line 398.
Package textcomp Info: Setting hlst sub-encoding to TS1/3 on input line 399.
Package textcomp Info: Setting hlct sub-encoding to TS1/5 on input line 400.
Package textcomp Info: Setting hlx sub-encoding to TS1/5 on input line 401.
Package textcomp Info: Setting hlce sub-encoding to TS1/5 on input line 402.
Package textcomp Info: Setting hlcn sub-encoding to TS1/5 on input line 403.
Package textcomp Info: Setting hlcw sub-encoding to TS1/5 on input line 404.
Package textcomp Info: Setting hlcf sub-encoding to TS1/5 on input line 405.
Package textcomp Info: Setting pplx sub-encoding to TS1/3 on input line 406.
Package textcomp Info: Setting pplj sub-encoding to TS1/3 on input line 407.
Package textcomp Info: Setting ptmx sub-encoding to TS1/4 on input line 408.
Package textcomp Info: Setting ptmj sub-encoding to TS1/4 on input line 409.
)
(c:/Users/mdlhs/AppData/Roaming/TinyTeX/texmf-dist/tex/latex/upquote/upquote.st
y
Package: upquote 2012/04/19 v1.3 upright-quote and grave-accent glyphs in verba
tim
)
(c:/Users/mdlhs/AppData/Roaming/TinyTeX/texmf-dist/tex/latex/parskip/parskip.st
y
Package: parskip 2018-08-24 v2.0a non-zero parskip adjustments

(c:/Users/mdlhs/AppData/Roaming/TinyTeX/texmf-dist/tex/latex/oberdiek/kvoptions
.sty
Package: kvoptions 2016/05/16 v3.12 Key value format for package options (HO)

(c:/Users/mdlhs/AppData/Roaming/TinyTeX/texmf-dist/tex/latex/graphics/keyval.st
y
Package: keyval 2014/10/28 v1.15 key=value parser (DPC)
\KV@toks@=\toks22
)
(c:/Users/mdlhs/AppData/Roaming/TinyTeX/texmf-dist/tex/generic/oberdiek/ltxcmds
.sty
Package: ltxcmds 2016/05/16 v1.23 LaTeX kernel commands for general use (HO)
)
(c:/Users/mdlhs/AppData/Roaming/TinyTeX/texmf-dist/tex/generic/oberdiek/kvsetke
ys.sty
Package: kvsetkeys 2016/05/16 v1.17 Key value parser (HO)

(c:/Users/mdlhs/AppData/Roaming/TinyTeX/texmf-dist/tex/generic/oberdiek/infware
rr.sty
Package: infwarerr 2016/05/16 v1.4 Providing info/warning/error messages (HO)
)
(c:/Users/mdlhs/AppData/Roaming/TinyTeX/texmf-dist/tex/generic/oberdiek/etexcmd
s.sty
Package: etexcmds 2016/05/16 v1.6 Avoid name clashes with e-TeX commands (HO)
Package etexcmds Info: Could not find \expanded.
(etexcmds)             That can mean that you are not using pdfTeX 1.50 or
(etexcmds)             that some package has redefined \expanded.
(etexcmds)             In the latter case, load this package earlier.
)))
(c:/Users/mdlhs/AppData/Roaming/TinyTeX/texmf-dist/tex/latex/etoolbox/etoolbox.
sty
Package: etoolbox 2018/08/19 v2.5f e-TeX tools for LaTeX (JAW)
\etb@tempcnta=\count103
)) (c:/Users/mdlhs/AppData/Roaming/TinyTeX/texmf-dist/tex/latex/xcolor/xcolor.s
ty
Package: xcolor 2016/05/11 v2.12 LaTeX color extensions (UK)

(c:/Users/mdlhs/AppData/Roaming/TinyTeX/texmf-dist/tex/latex/graphics-cfg/color
.cfg
File: color.cfg 2016/01/02 v1.6 sample color configuration
)
Package xcolor Info: Driver file: pdftex.def on input line 225.

(c:/Users/mdlhs/AppData/Roaming/TinyTeX/texmf-dist/tex/latex/graphics-def/pdfte
x.def
File: pdftex.def 2018/01/08 v1.0l Graphics/color driver for pdftex
)
Package xcolor Info: Model `cmy' substituted by `cmy0' on input line 1348.
Package xcolor Info: Model `hsb' substituted by `rgb' on input line 1352.
Package xcolor Info: Model `RGB' extended on input line 1364.
Package xcolor Info: Model `HTML' substituted by `rgb' on input line 1366.
Package xcolor Info: Model `Hsb' substituted by `hsb' on input line 1367.
Package xcolor Info: Model `tHsb' substituted by `hsb' on input line 1368.
Package xcolor Info: Model `HSB' substituted by `hsb' on input line 1369.
Package xcolor Info: Model `Gray' substituted by `gray' on input line 1370.
Package xcolor Info: Model `wave' substituted by `hsb' on input line 1371.

(c:/Users/mdlhs/AppData/Roaming/TinyTeX/texmf-dist/tex/latex/graphics/dvipsnam.
def
File: dvipsnam.def 2016/06/17 v3.0m Driver-dependent file (DPC,SPQR)
) (c:/Users/mdlhs/AppData/Roaming/TinyTeX/texmf-dist/tex/latex/xcolor/svgnam.de
f
File: svgnam.def 2016/05/11 v2.12 Predefined colors according to SVG 1.1 (UK)
) (c:/Users/mdlhs/AppData/Roaming/TinyTeX/texmf-dist/tex/latex/xcolor/x11nam.de
f
File: x11nam.def 2016/05/11 v2.12 Predefined colors according to Unix/X11 (UK)
))
(c:/Users/mdlhs/AppData/Roaming/TinyTeX/texmf-dist/tex/latex/hyperref/hyperref.
sty
Package: hyperref 2018/11/30 v6.88e Hypertext links for LaTeX

(c:/Users/mdlhs/AppData/Roaming/TinyTeX/texmf-dist/tex/generic/oberdiek/hobsub-
hyperref.sty
Package: hobsub-hyperref 2016/05/16 v1.14 Bundle oberdiek, subset hyperref (HO)


(c:/Users/mdlhs/AppData/Roaming/TinyTeX/texmf-dist/tex/generic/oberdiek/hobsub-
generic.sty
Package: hobsub-generic 2016/05/16 v1.14 Bundle oberdiek, subset generic (HO)
Package: hobsub 2016/05/16 v1.14 Construct package bundles (HO)
Package hobsub Info: Skipping package `infwarerr' (already loaded).
Package hobsub Info: Skipping package `ltxcmds' (already loaded).
Package hobsub Info: Skipping package `ifluatex' (already loaded).
Package: ifvtex 2016/05/16 v1.6 Detect VTeX and its facilities (HO)
Package ifvtex Info: VTeX not detected.
Package: intcalc 2016/05/16 v1.2 Expandable calculations with integers (HO)
Package: ifpdf 2018/09/07 v3.3 Provides the ifpdf switch
Package hobsub Info: Skipping package `etexcmds' (already loaded).
Package hobsub Info: Skipping package `kvsetkeys' (already loaded).
Package: kvdefinekeys 2016/05/16 v1.4 Define keys (HO)
Package: pdftexcmds 2018/09/10 v0.29 Utility functions of pdfTeX for LuaTeX (HO
)
Package pdftexcmds Info: LuaTeX not detected.
Package pdftexcmds Info: \pdf@primitive is available.
Package pdftexcmds Info: \pdf@ifprimitive is available.
Package pdftexcmds Info: \pdfdraftmode found.
Package: pdfescape 2016/05/16 v1.14 Implements pdfTeX's escape features (HO)
Package: bigintcalc 2016/05/16 v1.4 Expandable calculations on big integers (HO
)
Package: bitset 2016/05/16 v1.2 Handle bit-vector datatype (HO)
Package: uniquecounter 2016/05/16 v1.3 Provide unlimited unique counter (HO)
)
Package hobsub Info: Skipping package `hobsub' (already loaded).
Package: letltxmacro 2016/05/16 v1.5 Let assignment for LaTeX macros (HO)
Package: hopatch 2016/05/16 v1.3 Wrapper for package hooks (HO)
Package: xcolor-patch 2016/05/16 xcolor patch
Package: atveryend 2016/05/16 v1.9 Hooks at the very end of document (HO)
Package: atbegshi 2016/06/09 v1.18 At begin shipout hook (HO)
Package: refcount 2016/05/16 v3.5 Data extraction from label references (HO)
Package: hycolor 2016/05/16 v1.8 Color options for hyperref/bookmark (HO)
)
(c:/Users/mdlhs/AppData/Roaming/TinyTeX/texmf-dist/tex/latex/oberdiek/auxhook.s
ty
Package: auxhook 2016/05/16 v1.4 Hooks for auxiliary files (HO)
)
\@linkdim=\dimen134
\Hy@linkcounter=\count104
\Hy@pagecounter=\count105

(c:/Users/mdlhs/AppData/Roaming/TinyTeX/texmf-dist/tex/latex/hyperref/pd1enc.de
f
File: pd1enc.def 2018/11/30 v6.88e Hyperref: PDFDocEncoding definition (HO)
Now handling font encoding PD1 ...
... no UTF-8 mapping file for font encoding PD1
)
\Hy@SavedSpaceFactor=\count106

(c:/Users/mdlhs/AppData/Roaming/TinyTeX/texmf-dist/tex/latex/latexconfig/hyperr
ef.cfg
File: hyperref.cfg 2002/06/06 v1.2 hyperref configuration of TeXLive
)
Package hyperref Info: Option `unicode' set `true' on input line 4393.

(c:/Users/mdlhs/AppData/Roaming/TinyTeX/texmf-dist/tex/latex/hyperref/puenc.def
File: puenc.def 2018/11/30 v6.88e Hyperref: PDF Unicode definition (HO)
Now handling font encoding PU ...
... no UTF-8 mapping file for font encoding PU
)
Package hyperref Info: Hyper figures OFF on input line 4519.
Package hyperref Info: Link nesting OFF on input line 4524.
Package hyperref Info: Hyper index ON on input line 4527.
Package hyperref Info: Plain pages OFF on input line 4534.
Package hyperref Info: Backreferencing OFF on input line 4539.
Package hyperref Info: Implicit mode ON; LaTeX internals redefined.
Package hyperref Info: Bookmarks ON on input line 4772.
\c@Hy@tempcnt=\count107
(c:/Users/mdlhs/AppData/Roaming/TinyTeX/texmf-dist/tex/latex/url/url.sty
\Urlmuskip=\muskip11
Package: url 2013/09/16  ver 3.4  Verb mode for urls, etc.
)
LaTeX Info: Redefining \url on input line 5125.
\XeTeXLinkMargin=\dimen135
\Fld@menulength=\count108
\Field@Width=\dimen136
\Fld@charsize=\dimen137
Package hyperref Info: Hyper figures OFF on input line 6380.
Package hyperref Info: Link nesting OFF on input line 6385.
Package hyperref Info: Hyper index ON on input line 6388.
Package hyperref Info: backreferencing OFF on input line 6395.
Package hyperref Info: Link coloring OFF on input line 6400.
Package hyperref Info: Link coloring with OCG OFF on input line 6405.
Package hyperref Info: PDF/A mode OFF on input line 6410.
LaTeX Info: Redefining \ref on input line 6450.
LaTeX Info: Redefining \pageref on input line 6454.
\Hy@abspage=\count109
\c@Item=\count110
\c@Hfootnote=\count111
)
Package hyperref Info: Driver (autodetected): hpdftex.

(c:/Users/mdlhs/AppData/Roaming/TinyTeX/texmf-dist/tex/latex/hyperref/hpdftex.d
ef
File: hpdftex.def 2018/11/30 v6.88e Hyperref driver for pdfTeX
\Fld@listcount=\count112
\c@bookmark@seq@number=\count113

(c:/Users/mdlhs/AppData/Roaming/TinyTeX/texmf-dist/tex/latex/oberdiek/rerunfile
check.sty
Package: rerunfilecheck 2016/05/16 v1.8 Rerun checks for auxiliary files (HO)
Package uniquecounter Info: New unique counter `rerunfilecheck' on input line 2
82.
)
\Hy@SectionHShift=\skip74
)
Package hyperref Info: Option `colorlinks' set `true' on input line 42.
Package hyperref Info: Option `breaklinks' set `true' on input line 42.

(c:/Users/mdlhs/AppData/Roaming/TinyTeX/texmf-dist/tex/latex/fancyvrb/fancyvrb.
sty
Package: fancyvrb 2018/11/20
Style option: `fancyvrb' v3.1a <2018/11/20> (tvz)
\FV@CodeLineNo=\count114
\FV@InFile=\read1
\FV@TabBox=\box54
\c@FancyVerbLine=\count115
\FV@StepNumber=\count116
\FV@OutFile=\write3
) (c:/Users/mdlhs/AppData/Roaming/TinyTeX/texmf-dist/tex/latex/framed/framed.st
y
Package: framed 2011/10/22 v 0.96: framed or shaded text with page breaks
\OuterFrameSep=\skip75
\fb@frw=\dimen138
\fb@frh=\dimen139
\FrameRule=\dimen140
\FrameSep=\dimen141
)
(c:/Users/mdlhs/AppData/Roaming/TinyTeX/texmf-dist/tex/latex/tools/longtable.st
y
Package: longtable 2014/10/28 v4.11 Multi-page Table package (DPC)
\LTleft=\skip76
\LTright=\skip77
\LTpre=\skip78
\LTpost=\skip79
\LTchunksize=\count117
\LTcapwidth=\dimen142
\LT@head=\box55
\LT@firsthead=\box56
\LT@foot=\box57
\LT@lastfoot=\box58
\LT@cols=\count118
\LT@rows=\count119
\c@LT@tables=\count120
\c@LT@chunks=\count121
\LT@p@ftn=\toks23
)
(c:/Users/mdlhs/AppData/Roaming/TinyTeX/texmf-dist/tex/latex/booktabs/booktabs.
sty
Package: booktabs 2016/04/27 v1.618033 publication quality tables
\heavyrulewidth=\dimen143
\lightrulewidth=\dimen144
\cmidrulewidth=\dimen145
\belowrulesep=\dimen146
\belowbottomsep=\dimen147
\aboverulesep=\dimen148
\abovetopsep=\dimen149
\cmidrulesep=\dimen150
\cmidrulekern=\dimen151
\defaultaddspace=\dimen152
\@cmidla=\count122
\@cmidlb=\count123
\@aboverulesep=\dimen153
\@belowrulesep=\dimen154
\@thisruleclass=\count124
\@lastruleclass=\count125
\@thisrulewidth=\dimen155
)
(c:/Users/mdlhs/AppData/Roaming/TinyTeX/texmf-dist/tex/latex/graphics/graphicx.
sty
Package: graphicx 2017/06/01 v1.1a Enhanced LaTeX Graphics (DPC,SPQR)

(c:/Users/mdlhs/AppData/Roaming/TinyTeX/texmf-dist/tex/latex/graphics/graphics.
sty
Package: graphics 2017/06/25 v1.2c Standard LaTeX Graphics (DPC,SPQR)
(c:/Users/mdlhs/AppData/Roaming/TinyTeX/texmf-dist/tex/latex/graphics/trig.sty
Package: trig 2016/01/03 v1.10 sin cos tan (DPC)
)
(c:/Users/mdlhs/AppData/Roaming/TinyTeX/texmf-dist/tex/latex/graphics-cfg/graph
ics.cfg
File: graphics.cfg 2016/06/04 v1.11 sample graphics configuration
)
Package graphics Info: Driver file: pdftex.def on input line 99.
)
\Gin@req@height=\dimen156
\Gin@req@width=\dimen157
)
(c:/Users/mdlhs/AppData/Roaming/TinyTeX/texmf-dist/tex/latex/oberdiek/grffile.s
ty
Package: grffile 2017/06/30 v1.18 Extended file name support for graphics (HO)
Package grffile Info: Option `multidot' is set to `true'.
Package grffile Info: Option `extendedchars' is set to `false'.
Package grffile Info: Option `space' is set to `true'.
Package grffile Info: \Gin@ii of package `graphicx' fixed on input line 494.
) (c:/Users/mdlhs/AppData/Roaming/TinyTeX/texmf-dist/tex/latex/cjk-ko/kotex.sty
Package: kotex 2015/04/19 v1.6 Korean TeX (ko.TeX)

(c:/Users/mdlhs/AppData/Roaming/TinyTeX/texmf-dist/tex/latex/cjk-ko/cjkutf8-ko.
sty
Package: cjkutf8-ko 2016/04/04 v1.8 Hangul typesetting on CJKutf8

(c:/Users/mdlhs/AppData/Roaming/TinyTeX/texmf-dist/tex/latex/cjk/texinput/CJKut
f8.sty
Package: CJKutf8 2015/04/18 4.8.4

(c:/Users/mdlhs/AppData/Roaming/TinyTeX/texmf-dist/tex/latex/cjk/texinput/CJK.s
ty
Package: CJK 2015/04/18 4.8.4

(c:/Users/mdlhs/AppData/Roaming/TinyTeX/texmf-dist/tex/latex/cjk/texinput/mule/
MULEenc.sty
Package: MULEenc 2015/04/18 4.8.4
)
(c:/Users/mdlhs/AppData/Roaming/TinyTeX/texmf-dist/tex/latex/cjk/texinput/CJK.e
nc
File: CJK.enc 2015/04/18 4.8.4
Now handling font encoding C00 ...
... no UTF-8 mapping file for font encoding C00
Now handling font encoding C05 ...
... no UTF-8 mapping file for font encoding C05
Now handling font encoding C09 ...
... no UTF-8 mapping file for font encoding C09
Now handling font encoding C10 ...
... no UTF-8 mapping file for font encoding C10
Now handling font encoding C20 ...
... no UTF-8 mapping file for font encoding C20
Now handling font encoding C19 ...
... no UTF-8 mapping file for font encoding C19
Now handling font encoding C40 ...
... no UTF-8 mapping file for font encoding C40
Now handling font encoding C42 ...
... no UTF-8 mapping file for font encoding C42
Now handling font encoding C43 ...
... no UTF-8 mapping file for font encoding C43
Now handling font encoding C50 ...
... no UTF-8 mapping file for font encoding C50
Now handling font encoding C52 ...
... no UTF-8 mapping file for font encoding C52
Now handling font encoding C49 ...
... no UTF-8 mapping file for font encoding C49
Now handling font encoding C60 ...
... no UTF-8 mapping file for font encoding C60
Now handling font encoding C61 ...
... no UTF-8 mapping file for font encoding C61
Now handling font encoding C63 ...
... no UTF-8 mapping file for font encoding C63
Now handling font encoding C64 ...
... no UTF-8 mapping file for font encoding C64
Now handling font encoding C65 ...
... no UTF-8 mapping file for font encoding C65
Now handling font encoding C70 ...
... no UTF-8 mapping file for font encoding C70
Now handling font encoding C31 ...
... no UTF-8 mapping file for font encoding C31
Now handling font encoding C32 ...
... no UTF-8 mapping file for font encoding C32
Now handling font encoding C33 ...
... no UTF-8 mapping file for font encoding C33
Now handling font encoding C34 ...
... no UTF-8 mapping file for font encoding C34
Now handling font encoding C35 ...
... no UTF-8 mapping file for font encoding C35
Now handling font encoding C36 ...
... no UTF-8 mapping file for font encoding C36
Now handling font encoding C37 ...
... no UTF-8 mapping file for font encoding C37
Now handling font encoding C80 ...
... no UTF-8 mapping file for font encoding C80
Now handling font encoding C81 ...
... no UTF-8 mapping file for font encoding C81
Now handling font encoding C01 ...
... no UTF-8 mapping file for font encoding C01
Now handling font encoding C11 ...
... no UTF-8 mapping file for font encoding C11
Now handling font encoding C21 ...
... no UTF-8 mapping file for font encoding C21
Now handling font encoding C41 ...
... no UTF-8 mapping file for font encoding C41
Now handling font encoding C62 ...
... no UTF-8 mapping file for font encoding C62
)
LaTeX Info: Redefining \selectfont on input line 755.
\CJK@indent=\box59
) (c:/Users/mdlhs/AppData/Roaming/TinyTeX/texmf-dist/tex/latex/base/fontenc.sty
Package: fontenc 2018/08/11 v2.0j Standard LaTeX package
))
(c:/Users/mdlhs/AppData/Roaming/TinyTeX/texmf-dist/tex/latex/cjk/texinput/UTF8/
UTF8.bdg
File: UTF8.bdg 2015/04/18 4.8.4
)
(c:/Users/mdlhs/AppData/Roaming/TinyTeX/texmf-dist/tex/latex/cjk/texinput/UTF8/
UTF8.enc
File: UTF8.enc 2015/04/18 4.8.4
)
(c:/Users/mdlhs/AppData/Roaming/TinyTeX/texmf-dist/tex/latex/cjk/texinput/UTF8/
UTF8.chr
File: UTF8.chr 2015/04/18 4.8.4
)
LaTeX Info: Redefining \CJKpunctsymbol on input line 305.

(c:/Users/mdlhs/AppData/Roaming/TinyTeX/texmf-dist/tex/latex/cjk-ko/cjkutf8-jos
a.sty
Package: cjkutf8-josa 2016/04/04 v1.8 Automatic Josa selection for cjk-ko
)
(c:/Users/mdlhs/AppData/Roaming/TinyTeX/texmf-dist/tex/latex/cjk-ko/kolabels-ut
f.sty
Package: kolabels-utf 2015/03/20 v1.5 UTF-8 Hangul item labels
)
(c:/Users/mdlhs/AppData/Roaming/TinyTeX/texmf-dist/tex/generic/pdftex/glyphtoun
icode.tex)
   defining Unicode char U+FE00 (decimal 65024)
   defining Unicode char U+FE01 (decimal 65025)
   defining Unicode char U+FE02 (decimal 65026)
))

LaTeX Warning: Unused global option(s):
    [9pt].

(./handout.aux)
\openout1 = `handout.aux'.

LaTeX Font Info:    Checking defaults for OML/cmm/m/it on input line 121.
LaTeX Font Info:    ... okay on input line 121.
LaTeX Font Info:    Checking defaults for T1/cmr/m/n on input line 121.
LaTeX Font Info:    ... okay on input line 121.
LaTeX Font Info:    Checking defaults for OT1/cmr/m/n on input line 121.
LaTeX Font Info:    ... okay on input line 121.
LaTeX Font Info:    Checking defaults for OMS/cmsy/m/n on input line 121.
LaTeX Font Info:    ... okay on input line 121.
LaTeX Font Info:    Checking defaults for OMX/cmex/m/n on input line 121.
LaTeX Font Info:    ... okay on input line 121.
LaTeX Font Info:    Checking defaults for U/cmr/m/n on input line 121.
LaTeX Font Info:    ... okay on input line 121.
LaTeX Font Info:    Checking defaults for TS1/cmr/m/n on input line 121.
LaTeX Font Info:    Try loading font information for TS1+cmr on input line 121.

(c:/Users/mdlhs/AppData/Roaming/TinyTeX/texmf-dist/tex/latex/base/ts1cmr.fd
File: ts1cmr.fd 2014/09/29 v2.5h Standard LaTeX font definitions
)
LaTeX Font Info:    ... okay on input line 121.
LaTeX Font Info:    Checking defaults for PD1/pdf/m/n on input line 121.
LaTeX Font Info:    ... okay on input line 121.
LaTeX Font Info:    Checking defaults for PU/pdf/m/n on input line 121.
LaTeX Font Info:    ... okay on input line 121.
LaTeX Font Info:    Checking defaults for C00/song/m/n on input line 121.
LaTeX Font Info:    ... okay on input line 121.
LaTeX Font Info:    Checking defaults for C05/song/m/n on input line 121.
LaTeX Font Info:    ... okay on input line 121.
LaTeX Font Info:    Checking defaults for C09/song/m/n on input line 121.
LaTeX Font Info:    ... okay on input line 121.
LaTeX Font Info:    Checking defaults for C10/song/m/n on input line 121.
LaTeX Font Info:    ... okay on input line 121.
LaTeX Font Info:    Checking defaults for C20/song/m/n on input line 121.
LaTeX Font Info:    ... okay on input line 121.
LaTeX Font Info:    Checking defaults for C19/song/m/n on input line 121.
LaTeX Font Info:    ... okay on input line 121.
LaTeX Font Info:    Checking defaults for C40/song/m/n on input line 121.
LaTeX Font Info:    ... okay on input line 121.
LaTeX Font Info:    Checking defaults for C42/song/m/n on input line 121.
LaTeX Font Info:    ... okay on input line 121.
LaTeX Font Info:    Checking defaults for C43/song/m/n on input line 121.
LaTeX Font Info:    ... okay on input line 121.
LaTeX Font Info:    Checking defaults for C50/song/m/n on input line 121.
LaTeX Font Info:    ... okay on input line 121.
LaTeX Font Info:    Checking defaults for C52/song/m/n on input line 121.
LaTeX Font Info:    ... okay on input line 121.
LaTeX Font Info:    Checking defaults for C49/song/m/n on input line 121.
LaTeX Font Info:    ... okay on input line 121.
LaTeX Font Info:    Checking defaults for C60/mj/m/n on input line 121.
LaTeX Font Info:    ... okay on input line 121.
LaTeX Font Info:    Checking defaults for C61/mj/m/n on input line 121.
LaTeX Font Info:    ... okay on input line 121.
LaTeX Font Info:    Checking defaults for C63/mj/m/n on input line 121.
LaTeX Font Info:    ... okay on input line 121.
LaTeX Font Info:    Checking defaults for C64/mj/m/n on input line 121.
LaTeX Font Info:    ... okay on input line 121.
LaTeX Font Info:    Checking defaults for C65/mj/m/n on input line 121.
LaTeX Font Info:    ... okay on input line 121.
LaTeX Font Info:    Checking defaults for C70/song/m/n on input line 121.
LaTeX Font Info:    ... okay on input line 121.
LaTeX Font Info:    Checking defaults for C31/song/m/n on input line 121.
LaTeX Font Info:    ... okay on input line 121.
LaTeX Font Info:    Checking defaults for C32/song/m/n on input line 121.
LaTeX Font Info:    ... okay on input line 121.
LaTeX Font Info:    Checking defaults for C33/song/m/n on input line 121.
LaTeX Font Info:    ... okay on input line 121.
LaTeX Font Info:    Checking defaults for C34/song/m/n on input line 121.
LaTeX Font Info:    ... okay on input line 121.
LaTeX Font Info:    Checking defaults for C35/song/m/n on input line 121.
LaTeX Font Info:    ... okay on input line 121.
LaTeX Font Info:    Checking defaults for C36/song/m/n on input line 121.
LaTeX Font Info:    ... okay on input line 121.
LaTeX Font Info:    Checking defaults for C37/song/m/n on input line 121.
LaTeX Font Info:    ... okay on input line 121.
LaTeX Font Info:    Checking defaults for C80/song/m/n on input line 121.
LaTeX Font Info:    ... okay on input line 121.
LaTeX Font Info:    Checking defaults for C81/song/m/n on input line 121.
LaTeX Font Info:    ... okay on input line 121.
LaTeX Font Info:    Checking defaults for C01/song/m/n on input line 121.
LaTeX Font Info:    ... okay on input line 121.
LaTeX Font Info:    Checking defaults for C11/song/m/n on input line 121.
LaTeX Font Info:    ... okay on input line 121.
LaTeX Font Info:    Checking defaults for C21/song/m/n on input line 121.
LaTeX Font Info:    ... okay on input line 121.
LaTeX Font Info:    Checking defaults for C41/song/m/n on input line 121.
LaTeX Font Info:    ... okay on input line 121.
LaTeX Font Info:    Checking defaults for C62/song/m/n on input line 121.
LaTeX Font Info:    ... okay on input line 121.
LaTeX Font Info:    Try loading font information for T1+lmr on input line 121.
(c:/Users/mdlhs/AppData/Roaming/TinyTeX/texmf-dist/tex/latex/lm/t1lmr.fd
File: t1lmr.fd 2009/10/30 v1.6 Font defs for Latin Modern
)
LaTeX Font Info:    Try loading font information for TS1+lmr on input line 121.

(c:/Users/mdlhs/AppData/Roaming/TinyTeX/texmf-dist/tex/latex/lm/ts1lmr.fd
File: ts1lmr.fd 2009/10/30 v1.6 Font defs for Latin Modern
)
(c:/Users/mdlhs/AppData/Roaming/TinyTeX/texmf-dist/tex/latex/oberdiek/epstopdf-
base.sty
Package: epstopdf-base 2016/05/15 v2.6 Base part for package epstopdf

(c:/Users/mdlhs/AppData/Roaming/TinyTeX/texmf-dist/tex/latex/oberdiek/grfext.st
y
Package: grfext 2016/05/16 v1.2 Manage graphics extensions (HO)
)
Package epstopdf-base Info: Redefining graphics rule for `.eps' on input line 4
38.
Package grfext Info: Graphics extension search list:
(grfext)             [.pdf,.png,.jpg,.mps,.jpeg,.jbig2,.jb2,.PDF,.PNG,.JPG,.JPE
G,.JBIG2,.JB2,.eps]
(grfext)             \AppendGraphicsExtensions on input line 456.

(c:/Users/mdlhs/AppData/Roaming/TinyTeX/texmf-dist/tex/latex/latexconfig/epstop
df-sys.cfg
File: epstopdf-sys.cfg 2010/07/13 v1.3 Configuration of (r)epstopdf for TeX Liv
e
))
\AtBeginShipoutBox=\box60
Package hyperref Info: Link coloring ON on input line 121.

(c:/Users/mdlhs/AppData/Roaming/TinyTeX/texmf-dist/tex/latex/hyperref/nameref.s
ty
Package: nameref 2016/05/21 v2.44 Cross-referencing by name of section

(c:/Users/mdlhs/AppData/Roaming/TinyTeX/texmf-dist/tex/generic/oberdiek/gettitl
estring.sty
Package: gettitlestring 2016/05/16 v1.5 Cleanup title references (HO)
)
\c@section@level=\count126
)
LaTeX Info: Redefining \ref on input line 121.
LaTeX Info: Redefining \pageref on input line 121.
LaTeX Info: Redefining \nameref on input line 121.
(./handout.out) (./handout.out)
\@outlinefile=\write4
\openout4 = `handout.out'.

   defining Unicode char U+00B7 (decimal 183)
LaTeX Font Info:    Try loading font information for C70+mj on input line 123.

(c:/Users/mdlhs/AppData/Roaming/TinyTeX/texmf-dist/tex/latex/cjk/texinput/UTF8/
c70mj.fd
File: c70mj.fd 2015/04/18 4.8.4
)
(c:/Users/mdlhs/AppData/Roaming/TinyTeX/texmf-dist/tex/latex/cjk/texinput/UTF8/
c70mj.fdx
File: c70mj.fdx 2015/04/18 4.8.4
)
LaTeX Font Info:    Font shape `C70/mj/m/it'
(Font)              in size <10> not available.
(Font)              Font shape `C70/mj/m/sl'
(Font)              tried instead on input line 123.

Underfull \vbox (badness 10000) has occurred while \output is active []


Overfull \hbox (336.25pt too wide) has occurred while \output is active
[]
 []


Underfull \vbox (badness 10000) has occurred while \output is active []


Overfull \hbox (336.25pt too wide) has occurred while \output is active
[]
 []


Underfull \vbox (badness 10000) has occurred while \output is active []


Overfull \hbox (336.25pt too wide) has occurred while \output is active
[]
 []


Underfull \vbox (badness 10000) has occurred while \output is active []


Overfull \hbox (336.25pt too wide) has occurred while \output is active
[]
 []


Underfull \hbox (badness 10000) has occurred while \output is active
 [][][][] 
 []

[1


{c:/Users/mdlhs/AppData/Roaming/TinyTeX/texmf-var/fonts/map/pdftex/updmap/pdfte
x.map}]
Underfull \vbox (badness 10000) has occurred while \output is active []


Overfull \hbox (336.25pt too wide) has occurred while \output is active
[]
 []


Underfull \vbox (badness 10000) has occurred while \output is active []


Overfull \hbox (336.25pt too wide) has occurred while \output is active
[]
 []


Underfull \vbox (badness 10000) has occurred while \output is active []


Overfull \hbox (336.25pt too wide) has occurred while \output is active
[]
 []


Underfull \vbox (badness 10000) has occurred while \output is active []


Overfull \hbox (336.25pt too wide) has occurred while \output is active
[]
 []


Underfull \hbox (badness 10000) has occurred while \output is active
 [][][][] 
 []

[2

]
Underfull \vbox (badness 10000) detected at line 127
 []


Overfull \hbox (336.25pt too wide) detected at line 127
[]
 []


Underfull \vbox (badness 10000) detected at line 127
 []


Overfull \hbox (336.25pt too wide) detected at line 127
[]
 []


Underfull \vbox (badness 10000) detected at line 127
 []


Overfull \hbox (336.25pt too wide) detected at line 127
[]
 []


Underfull \vbox (badness 10000) detected at line 127
 []


Overfull \hbox (336.25pt too wide) detected at line 127
[]
 []


Underfull \hbox (badness 10000) detected at line 127
[]
 []

(./handout.toc
LaTeX Font Info:    Try loading font information for OT1+lmr on input line 3.
(c:/Users/mdlhs/AppData/Roaming/TinyTeX/texmf-dist/tex/latex/lm/ot1lmr.fd
File: ot1lmr.fd 2009/10/30 v1.6 Font defs for Latin Modern
)
LaTeX Font Info:    Try loading font information for OML+lmm on input line 3.
(c:/Users/mdlhs/AppData/Roaming/TinyTeX/texmf-dist/tex/latex/lm/omllmm.fd
File: omllmm.fd 2009/10/30 v1.6 Font defs for Latin Modern
)
LaTeX Font Info:    Try loading font information for OMS+lmsy on input line 3.
(c:/Users/mdlhs/AppData/Roaming/TinyTeX/texmf-dist/tex/latex/lm/omslmsy.fd
File: omslmsy.fd 2009/10/30 v1.6 Font defs for Latin Modern
)
LaTeX Font Info:    Try loading font information for OMX+lmex on input line 3.
(c:/Users/mdlhs/AppData/Roaming/TinyTeX/texmf-dist/tex/latex/lm/omxlmex.fd
File: omxlmex.fd 2009/10/30 v1.6 Font defs for Latin Modern
)
LaTeX Font Info:    External font `lmex10' loaded for size
(Font)              <10> on input line 3.
LaTeX Font Info:    External font `lmex10' loaded for size
(Font)              <7> on input line 3.
LaTeX Font Info:    External font `lmex10' loaded for size
(Font)              <5> on input line 3.
LaTeX Font Info:    Try loading font information for U+msa on input line 3.
(c:/Users/mdlhs/AppData/Roaming/TinyTeX/texmf-dist/tex/latex/amsfonts/umsa.fd
File: umsa.fd 2013/01/14 v3.01 AMS symbols A
)
LaTeX Font Info:    Try loading font information for U+msb on input line 3.
(c:/Users/mdlhs/AppData/Roaming/TinyTeX/texmf-dist/tex/latex/amsfonts/umsb.fd
File: umsb.fd 2013/01/14 v3.01 AMS symbols B
))
\tf@toc=\write5
\openout5 = `handout.toc'.


Underfull \hbox (badness 10000) has occurred while \output is active
 [][][][] 
 []

[3]
Underfull \vbox (badness 10000) has occurred while \output is active []


Overfull \hbox (336.25pt too wide) has occurred while \output is active
[]
 []


Underfull \vbox (badness 10000) has occurred while \output is active []


Overfull \hbox (336.25pt too wide) has occurred while \output is active
[]
 []


Underfull \vbox (badness 10000) has occurred while \output is active []


Overfull \hbox (336.25pt too wide) has occurred while \output is active
[]
 []


Underfull \vbox (badness 10000) has occurred while \output is active []


Overfull \hbox (336.25pt too wide) has occurred while \output is active
[]
 []


Underfull \hbox (badness 10000) has occurred while \output is active
 [][][][] 
 []

[4

]
Underfull \vbox (badness 10000) detected at line 132
 []


Overfull \hbox (336.25pt too wide) detected at line 132
[]
 []


Underfull \vbox (badness 10000) detected at line 132
 []


Overfull \hbox (336.25pt too wide) detected at line 132
[]
 []


Underfull \vbox (badness 10000) detected at line 132
 []


Overfull \hbox (336.25pt too wide) detected at line 132
[]
 []


Underfull \vbox (badness 10000) detected at line 132
 []


Overfull \hbox (336.25pt too wide) detected at line 132
[]
 []

Chapter 1.
LaTeX Font Info:    External font `lmex10' loaded for size
(Font)              <8> on input line 152.
LaTeX Font Info:    External font `lmex10' loaded for size
(Font)              <6> on input line 152.
LaTeX Font Info:    Try loading font information for T1+lmtt on input line 158.

(c:/Users/mdlhs/AppData/Roaming/TinyTeX/texmf-dist/tex/latex/lm/t1lmtt.fd
File: t1lmtt.fd 2009/10/30 v1.6 Font defs for Latin Modern
)
LaTeX Font Info:    Font shape `T1/lmtt/bx/n' in size <10> not available
(Font)              Font shape `T1/lmtt/b/n' tried instead on input line 159.
LaTeX Font Info:    Try loading font information for TS1+lmtt on input line 159
.
(c:/Users/mdlhs/AppData/Roaming/TinyTeX/texmf-dist/tex/latex/lm/ts1lmtt.fd
File: ts1lmtt.fd 2009/10/30 v1.6 Font defs for Latin Modern
)
Underfull \hbox (badness 10000) has occurred while \output is active
 [][][][] 
 []

pdfTeX warning (ext4): destination with the same identifier (name{page.1}) has 
been already used, duplicate ignored
<to be read again> 
                   \relax 
l.184 \end{Shaded}
                   [1


]
<handout_files/figure-latex/ggtheoph-1.pdf, id=191, 433.62pt x 252.945pt>
File: handout_files/figure-latex/ggtheoph-1.pdf Graphic file (type pdf)
<use handout_files/figure-latex/ggtheoph-1.pdf>
Package pdftex.def Info: handout_files/figure-latex/ggtheoph-1.pdf  used on inp
ut line 254.
(pdftex.def)             Requested size: 336.51518pt x 196.30052pt.
pdfTeX warning (ext4): destination with the same identifier (name{page.2}) has 
been already used, duplicate ignored
<to be read again> 
                   \relax 
l.264 
       [2]pdfTeX warning (ext4): destination with the same identifier (name{pag
e.3}) has been already used, duplicate ignored
<to be read again> 
                   \relax 
l.305 L
       AMZHL & Half-Life Lambda z (HL\_Lambda\_z)\\ [3]pdfTeX warning (ext4): d
estination with the same identifier (name{page.4}) has been already used, dupli
cate ignored
<to be read again> 
                   \relax 
l.329 A
       UMCPEP & AUMC \% Extrapolation Pred (AUMC\_.Extrap\_pred)\\ [4 <./handou
t_files/figure-latex/ggtheoph-1.pdf>] [5]
Underfull \vbox (badness 10000) has occurred while \output is active []


Overfull \hbox (336.25pt too wide) has occurred while \output is active
[]
 []


Underfull \vbox (badness 10000) has occurred while \output is active []


Overfull \hbox (336.25pt too wide) has occurred while \output is active
[]
 []


Underfull \vbox (badness 10000) has occurred while \output is active []


Overfull \hbox (336.25pt too wide) has occurred while \output is active
[]
 []


Underfull \vbox (badness 10000) has occurred while \output is active []


Overfull \hbox (336.25pt too wide) has occurred while \output is active
[]
 []


Underfull \hbox (badness 10000) has occurred while \output is active
 [][][][] 
 []

[6

]
Underfull \vbox (badness 10000) detected at line 345
 []


Overfull \hbox (336.25pt too wide) detected at line 345
[]
 []


Underfull \vbox (badness 10000) detected at line 345
 []


Overfull \hbox (336.25pt too wide) detected at line 345
[]
 []


Underfull \vbox (badness 10000) detected at line 345
 []


Overfull \hbox (336.25pt too wide) detected at line 345
[]
 []


Underfull \vbox (badness 10000) detected at line 345
 []


Overfull \hbox (336.25pt too wide) detected at line 345
[]
 []

Chapter 2.

Underfull \hbox (badness 10000) has occurred while \output is active
 [][][][] 
 []

[7

]
Overfull \hbox (15.24898pt too wide) in paragraph at lines 462--462
[]\T1/lmtt/m/n/10 ##           b0         CMAX        CMAXD         TMAX       
  TLAG[] 
 []


Overfull \hbox (15.24898pt too wide) in paragraph at lines 462--462
[]\T1/lmtt/m/n/10 ##    2.3687851   10.5000000    0.0328125    1.1200000    0.0
000000[] 
 []


Overfull \hbox (15.24898pt too wide) in paragraph at lines 462--462
[]\T1/lmtt/m/n/10 ##         CLST        CLSTP         TLST       LAMZHL       
  LAMZ[] 
 []


Overfull \hbox (15.24898pt too wide) in paragraph at lines 462--462
[]\T1/lmtt/m/n/10 ##    3.2800000    3.2801465   24.3700000   14.3043776    0.0
484570[] 
 []


Overfull \hbox (15.24898pt too wide) in paragraph at lines 462--462
[]\T1/lmtt/m/n/10 ##       LAMZLL       LAMZUL      LAMZNPT       CORRXY       
    R2[] 
 []


Overfull \hbox (15.24898pt too wide) in paragraph at lines 462--462
[]\T1/lmtt/m/n/10 ##    9.0500000   24.3700000    3.0000000   -0.9999999    0.9
999997[] 
 []


Overfull \hbox (15.24898pt too wide) in paragraph at lines 462--462
[]\T1/lmtt/m/n/10 ##        R2ADJ       AUCLST       AUCALL       AUCIFO      A
UCIFOD[] 
 []


Overfull \hbox (15.24898pt too wide) in paragraph at lines 462--462
[]\T1/lmtt/m/n/10 ##    0.9999995  148.9230500  148.9230500  216.6119330    0.6
769123[] 
 []


Overfull \hbox (15.24898pt too wide) in paragraph at lines 462--462
[]\T1/lmtt/m/n/10 ##       AUCIFP      AUCIFPD       AUCPEO       AUCPEP      A
UMCLST[] 
 []


Overfull \hbox (15.24898pt too wide) in paragraph at lines 462--462
[]\T1/lmtt/m/n/10 ##  216.6149558    0.6769217   31.2489169   31.2498763 1459.0
711035[] 
 []


Overfull \hbox (15.24898pt too wide) in paragraph at lines 462--462
[]\T1/lmtt/m/n/10 ##      AUMCIFO      AUMCIFP      AUMCPEO      AUMCPEP       
  VZFO[] 
 []


Overfull \hbox (15.24898pt too wide) in paragraph at lines 462--462
[]\T1/lmtt/m/n/10 ## 4505.5348194 4505.6708646   67.6160287   67.6170065   30.4
867482[] 
 []


Overfull \hbox (15.24898pt too wide) in paragraph at lines 462--462
[]\T1/lmtt/m/n/10 ##         VZFP         CLFO         CLFP     MRTEVLST     MR
TEVIFO[] 
 []


Overfull \hbox (15.24898pt too wide) in paragraph at lines 462--462
[]\T1/lmtt/m/n/10 ##   30.4863228    1.4772963    1.4772757    9.7974834   20.8
000305[] 
 []

[8]
Overfull \hbox (15.24898pt too wide) in paragraph at lines 462--462
[]\T1/lmtt/m/n/10 ## [16] ""          "h*mg/L"    "h*mg/L"    "h*mg/L"    "h*mg
/L/mg"[] 
 []


Overfull \hbox (4.74901pt too wide) in paragraph at lines 462--462
[]\T1/lmtt/m/n/10 ## [21] "h*mg/L"    "h*mg/L/mg" "%"         "%"         "h2*m
g/L"[] 
 []

<handout_files/figure-latex/ggtheophindi-1.pdf, id=244, 433.62pt x 252.945pt>
File: handout_files/figure-latex/ggtheophindi-1.pdf Graphic file (type pdf)
<use handout_files/figure-latex/ggtheophindi-1.pdf>
Package pdftex.def Info: handout_files/figure-latex/ggtheophindi-1.pdf  used on
 input line 479.
(pdftex.def)             Requested size: 336.51518pt x 196.30052pt.
[9 <./handout_files/figure-latex/ggtheophindi-1.pdf>]
Overfull \hbox (310.94415pt too wide) in paragraph at lines 509--519
 [][] 
 []


Overfull \hbox (283.72147pt too wide) in paragraph at lines 525--535
 [][] 
 []

[10]
Underfull \vbox (badness 10000) detected at line 538
 []


Overfull \hbox (336.25pt too wide) detected at line 538
[]
 []


Underfull \vbox (badness 10000) detected at line 538
 []


Overfull \hbox (336.25pt too wide) detected at line 538
[]
 []


Underfull \vbox (badness 10000) detected at line 538
 []


Overfull \hbox (336.25pt too wide) detected at line 538
[]
 []


Underfull \vbox (badness 10000) detected at line 538
 []


Overfull \hbox (336.25pt too wide) detected at line 538
[]
 []

Chapter 3.

Overfull \hbox (9.999pt too wide) in paragraph at lines 628--628
[]\T1/lmtt/m/n/10 ##  [1] "                        NONCOMPARTMENTAL ANALYSIS RE
PORT"[] 
 []


Overfull \hbox (36.24892pt too wide) in paragraph at lines 628--628
[]\T1/lmtt/m/n/10 ##  [2] "                       Package version 0.4.1 (2018-0
6-20 KST)"[] 
 []


Overfull \hbox (30.99893pt too wide) in paragraph at lines 628--628
[]\T1/lmtt/m/n/10 ## [13] "Weighting for lambda z: Uniform (Ordinary Least Squa
re, OLS)"[] 
 []


Overfull \hbox (151.74858pt too wide) in paragraph at lines 628--628
[]\T1/lmtt/m/n/10 ## [14] "Lambda z selection criterion: Heighest adjusted R-sq
uared value with precision=1e-4"[] 
 []


Overfull \hbox (67.74883pt too wide) in paragraph at lines 628--628
[]\T1/lmtt/m/n/10 ## [19] "      Time         Conc.      Pred.   Residual      
 AUC       AUMC"[] 
 []


Overfull \hbox (78.2488pt too wide) in paragraph at lines 628--628
[]\T1/lmtt/m/n/10 ## [20] "----------------------------------------------------
-----------------"[] 
 []


Overfull \hbox (72.99881pt too wide) in paragraph at lines 628--628
[]\T1/lmtt/m/n/10 ## [21] "     0.0000       0.7400                           0
.0000     0.0000"[] 
 []


Overfull \hbox (72.99881pt too wide) in paragraph at lines 628--628
[]\T1/lmtt/m/n/10 ## [22] "     0.2500       2.8400                           0
.4475     0.0888"[] 
 []


Overfull \hbox (72.99881pt too wide) in paragraph at lines 628--628
[]\T1/lmtt/m/n/10 ## [23] "     0.5700       6.5700                           1
.9531     0.8015"[] 
 []


Underfull \hbox (badness 10000) has occurred while \output is active
 [][][][] 
 []

[11


]
Overfull \hbox (72.99881pt too wide) in paragraph at lines 628--628
[]\T1/lmtt/m/n/10 ## [24] "     1.1200      10.5000                           6
.6474     5.0654"[] 
 []


Overfull \hbox (72.99881pt too wide) in paragraph at lines 628--628
[]\T1/lmtt/m/n/10 ## [25] "     2.0200       9.6600                          15
.7194    19.1383"[] 
 []


Overfull \hbox (72.99881pt too wide) in paragraph at lines 628--628
[]\T1/lmtt/m/n/10 ## [26] "     3.8200       8.5800                          32
.1354    66.1982"[] 
 []


Overfull \hbox (72.99881pt too wide) in paragraph at lines 628--628
[]\T1/lmtt/m/n/10 ## [27] "     5.1000       8.3600                          42
.9769   114.4617"[] 
 []


Overfull \hbox (72.99881pt too wide) in paragraph at lines 628--628
[]\T1/lmtt/m/n/10 ## [28] "     7.0300       7.4700                          58
.2529   206.2815"[] 
 []


Overfull \hbox (72.99881pt too wide) in paragraph at lines 628--628
[]\T1/lmtt/m/n/10 ## [29] "     9.0500 *     6.8900     6.8912 -1.228e-03    72
.7565   322.2988"[] 
 []


Overfull \hbox (72.99881pt too wide) in paragraph at lines 628--628
[]\T1/lmtt/m/n/10 ## [30] "    12.1200 *     5.9400     5.9387 +1.324e-03    92
.4505   528.5219"[] 
 []


Overfull \hbox (72.99881pt too wide) in paragraph at lines 628--628
[]\T1/lmtt/m/n/10 ## [31] "    24.3700 *     3.2800     3.2801 -1.465e-04   148
.9231  1459.0711"[] 
 []


Overfull \hbox (83.49878pt too wide) in paragraph at lines 628--628
[]\T1/lmtt/m/n/10 ## [38] "CMAX       Max Conc                                 
      10.5000 mg/L"[] 
 []


Overfull \hbox (99.24873pt too wide) in paragraph at lines 628--628
[]\T1/lmtt/m/n/10 ## [39] "CMAXD      Max Conc Norm by Dose                    
       0.0328 mg/L/mg"[] 
 []


Overfull \hbox (67.74883pt too wide) in paragraph at lines 628--628
[]\T1/lmtt/m/n/10 ## [40] "TMAX       Time of CMAX                             
       1.1200 h"[] 
 []


Overfull \hbox (67.74883pt too wide) in paragraph at lines 628--628
[]\T1/lmtt/m/n/10 ## [41] "TLAG       Time Until First Nonzero Conc            
       0.0000 h"[] 
 []


Overfull \hbox (83.49878pt too wide) in paragraph at lines 628--628
[]\T1/lmtt/m/n/10 ## [42] "CLST       Last Nonzero Conc                        
       3.2800 mg/L"[] 
 []


Overfull \hbox (83.49878pt too wide) in paragraph at lines 628--628
[]\T1/lmtt/m/n/10 ## [43] "CLSTP      Last Nonzero Conc Pred                   
       3.2801 mg/L"[] 
 []


Overfull \hbox (67.74883pt too wide) in paragraph at lines 628--628
[]\T1/lmtt/m/n/10 ## [44] "TLST       Time of Last Nonzero Conc                
      24.3700 h"[] 
 []


Overfull \hbox (67.74883pt too wide) in paragraph at lines 628--628
[]\T1/lmtt/m/n/10 ## [45] "LAMZHL     Half-Life Lambda z                       
      14.3044 h"[] 
 []


Overfull \hbox (72.99881pt too wide) in paragraph at lines 628--628
[]\T1/lmtt/m/n/10 ## [46] "LAMZ       Lambda z                                 
       0.0485 /h"[] 
 []


Overfull \hbox (67.74883pt too wide) in paragraph at lines 628--628
[]\T1/lmtt/m/n/10 ## [47] "LAMZLL     Lambda z Lower Limit                     
       9.0500 h"[] 
 []


Overfull \hbox (67.74883pt too wide) in paragraph at lines 628--628
[]\T1/lmtt/m/n/10 ## [48] "LAMZUL     Lambda z Upper Limit                     
      24.3700 h"[] 
 []


Overfull \hbox (30.99893pt too wide) in paragraph at lines 628--628
[]\T1/lmtt/m/n/10 ## [49] "LAMZNPT    Number of Points for Lambda z            
       3"[] 
 []


Overfull \hbox (62.49884pt too wide) in paragraph at lines 628--628
[]\T1/lmtt/m/n/10 ## [50] "CORRXY     Correlation Between TimeX and Log ConcY  
      -1.0000 "[] 
 []


Overfull \hbox (62.49884pt too wide) in paragraph at lines 628--628
[]\T1/lmtt/m/n/10 ## [51] "R2         R Squared                                
       1.0000 "[] 
 []


Overfull \hbox (62.49884pt too wide) in paragraph at lines 628--628
[]\T1/lmtt/m/n/10 ## [52] "R2ADJ      R Squared Adjusted                       
       1.0000 "[] 
 []


Overfull \hbox (93.99875pt too wide) in paragraph at lines 628--628
[]\T1/lmtt/m/n/10 ## [53] "AUCLST     AUC to Last Nonzero Conc                 
     148.9231 h*mg/L"[] 
 []


Overfull \hbox (93.99875pt too wide) in paragraph at lines 628--628
[]\T1/lmtt/m/n/10 ## [54] "AUCALL     AUC All                                  
     148.9231 h*mg/L"[] 
 []


Overfull \hbox (93.99875pt too wide) in paragraph at lines 628--628
[]\T1/lmtt/m/n/10 ## [55] "AUCIFO     AUC Infinity Obs                         
     216.6119 h*mg/L"[] 
 []


Overfull \hbox (109.7487pt too wide) in paragraph at lines 628--628
[]\T1/lmtt/m/n/10 ## [56] "AUCIFOD    AUC Infinity Obs Norm by Dose            
       0.6769 h*mg/L/mg"[] 
 []


Overfull \hbox (93.99875pt too wide) in paragraph at lines 628--628
[]\T1/lmtt/m/n/10 ## [57] "AUCIFP     AUC Infinity Pred                        
     216.6150 h*mg/L"[] 
 []


Overfull \hbox (109.7487pt too wide) in paragraph at lines 628--628
[]\T1/lmtt/m/n/10 ## [58] "AUCIFPD    AUC Infinity Pred Norm by Dose           
       0.6769 h*mg/L/mg"[] 
 []


Overfull \hbox (67.74883pt too wide) in paragraph at lines 628--628
[]\T1/lmtt/m/n/10 ## [59] "AUCPEO     AUC %Extrapolation Obs                   
      31.2489 %"[] 
 []


Overfull \hbox (67.74883pt too wide) in paragraph at lines 628--628
[]\T1/lmtt/m/n/10 ## [60] "AUCPEP     AUC %Extrapolation Pred                  
      31.2499 %"[] 
 []


Overfull \hbox (99.24873pt too wide) in paragraph at lines 628--628
[]\T1/lmtt/m/n/10 ## [61] "AUMCLST    AUMC to Last Nonzero Conc                
    1459.0711 h2*mg/L"[] 
 []


Overfull \hbox (99.24873pt too wide) in paragraph at lines 628--628
[]\T1/lmtt/m/n/10 ## [62] "AUMCIFO    AUMC Infinity Obs                        
    4505.5348 h2*mg/L"[] 
 []


Overfull \hbox (99.24873pt too wide) in paragraph at lines 628--628
[]\T1/lmtt/m/n/10 ## [63] "AUMCIFP    AUMC Infinity Pred                       
    4505.6709 h2*mg/L"[] 
 []


Overfull \hbox (67.74883pt too wide) in paragraph at lines 628--628
[]\T1/lmtt/m/n/10 ## [64] "AUMCPEO    AUMC %Extrapolation Obs                  
      67.6160 %"[] 
 []


Overfull \hbox (67.74883pt too wide) in paragraph at lines 628--628
[]\T1/lmtt/m/n/10 ## [65] "AUMCPEP    AUMC % Extrapolation Pred                
      67.6170 %"[] 
 []


Overfull \hbox (67.74883pt too wide) in paragraph at lines 628--628
[]\T1/lmtt/m/n/10 ## [66] "VZFO       Vz Obs by F                              
      30.4867 L"[] 
 []


Overfull \hbox (67.74883pt too wide) in paragraph at lines 628--628
[]\T1/lmtt/m/n/10 ## [67] "VZFP       Vz Pred by F                             
      30.4863 L"[] 
 []


Overfull \hbox (78.2488pt too wide) in paragraph at lines 628--628
[]\T1/lmtt/m/n/10 ## [68] "CLFO       Total CL Obs by F                        
       1.4773 L/h"[] 
 []

[12]
Overfull \hbox (78.2488pt too wide) in paragraph at lines 628--628
[]\T1/lmtt/m/n/10 ## [69] "CLFP       Total CL Pred by F                       
       1.4773 L/h"[] 
 []


Overfull \hbox (67.74883pt too wide) in paragraph at lines 628--628
[]\T1/lmtt/m/n/10 ## [70] "MRTEVLST   MRT Extravasc to Last Nonzero Conc       
       9.7975 h"[] 
 []


Overfull \hbox (67.74883pt too wide) in paragraph at lines 628--628
[]\T1/lmtt/m/n/10 ## [71] "MRTEVIFO   MRT Extravasc Infinity Obs               
      20.8000 h"[] 
 []


Overfull \hbox (67.74883pt too wide) in paragraph at lines 628--628
[]\T1/lmtt/m/n/10 ## [72] "MRTEVIFP   MRT Extravasc Infinity Pred              
      20.8004 h"[] 
 []


LaTeX Warning: Reference `fig:pdfnca-output' on page 13 undefined on input line
 645.

<Output-ncar/pdfNCA-Theoph-01.png, id=275, 1279.78125pt x 1656.1875pt>
File: Output-ncar/pdfNCA-Theoph-01.png Graphic file (type png)
<use Output-ncar/pdfNCA-Theoph-01.png>
Package pdftex.def Info: Output-ncar/pdfNCA-Theoph-01.png  used on input line 6
61.
(pdftex.def)             Requested size: 419.59521pt x 543.00558pt.

Overfull \hbox (83.09521pt too wide) in paragraph at lines 661--661
[][] 
 []


LaTeX Warning: Float too large for page by 24.50558pt on input line 662.

<Output-ncar/pdfNCA-Theoph-02.png, id=277, 1279.78125pt x 1656.1875pt>
File: Output-ncar/pdfNCA-Theoph-02.png Graphic file (type png)
<use Output-ncar/pdfNCA-Theoph-02.png>
Package pdftex.def Info: Output-ncar/pdfNCA-Theoph-02.png  used on input line 6
64.
(pdftex.def)             Requested size: 419.59521pt x 543.00558pt.

Overfull \hbox (83.09521pt too wide) in paragraph at lines 664--664
[][] 
 []


LaTeX Warning: Float too large for page by 24.50558pt on input line 665.

[13] [14 <./Output-ncar/pdfNCA-Theoph-01.png>] [15 <./Output-ncar/pdfNCA-Theoph
-02.png>]
Underfull \vbox (badness 10000) has occurred while \output is active []


Overfull \hbox (336.25pt too wide) has occurred while \output is active
[]
 []


Underfull \vbox (badness 10000) has occurred while \output is active []


Overfull \hbox (336.25pt too wide) has occurred while \output is active
[]
 []


Underfull \vbox (badness 10000) has occurred while \output is active []


Overfull \hbox (336.25pt too wide) has occurred while \output is active
[]
 []


Underfull \vbox (badness 10000) has occurred while \output is active []


Overfull \hbox (336.25pt too wide) has occurred while \output is active
[]
 []


Underfull \hbox (badness 10000) has occurred while \output is active
 [][][][] 
 []

[16

]
Underfull \vbox (badness 10000) detected at line 681
 []


Overfull \hbox (336.25pt too wide) detected at line 681
[]
 []


Underfull \vbox (badness 10000) detected at line 681
 []


Overfull \hbox (336.25pt too wide) detected at line 681
[]
 []


Underfull \vbox (badness 10000) detected at line 681
 []


Overfull \hbox (336.25pt too wide) detected at line 681
[]
 []


Underfull \vbox (badness 10000) detected at line 681
 []


Overfull \hbox (336.25pt too wide) detected at line 681
[]
 []

Chapter 4.

Underfull \hbox (badness 10000) has occurred while \output is active
 [][][][] 
 []

[17

]
Underfull \vbox (badness 10000) has occurred while \output is active []


Overfull \hbox (336.25pt too wide) has occurred while \output is active
[]
 []


Underfull \vbox (badness 10000) has occurred while \output is active []


Overfull \hbox (336.25pt too wide) has occurred while \output is active
[]
 []


Underfull \vbox (badness 10000) has occurred while \output is active []


Overfull \hbox (336.25pt too wide) has occurred while \output is active
[]
 []


Underfull \vbox (badness 10000) has occurred while \output is active []


Overfull \hbox (336.25pt too wide) has occurred while \output is active
[]
 []


Underfull \hbox (badness 10000) has occurred while \output is active
 [][][][] 
 []

[18

]
Underfull \vbox (badness 10000) detected at line 702
 []


Overfull \hbox (336.25pt too wide) detected at line 702
[]
 []


Underfull \vbox (badness 10000) detected at line 702
 []


Overfull \hbox (336.25pt too wide) detected at line 702
[]
 []


Underfull \vbox (badness 10000) detected at line 702
 []


Overfull \hbox (336.25pt too wide) detected at line 702
[]
 []


Underfull \vbox (badness 10000) detected at line 702
 []


Overfull \hbox (336.25pt too wide) detected at line 702
[]
 []

Chapter 5.
<assets/gitbook.png, id=324, 1281.78876pt x 692.5875pt>
File: assets/gitbook.png Graphic file (type png)
<use assets/gitbook.png>
Package pdftex.def Info: assets/gitbook.png  used on input line 738.
(pdftex.def)             Requested size: 1004.97421pt x 543.0166pt.

Overfull \hbox (668.47421pt too wide) in paragraph at lines 738--738
[][] 
 []


LaTeX Warning: Float too large for page by 24.5166pt on input line 739.


Underfull \hbox (badness 10000) has occurred while \output is active
 [][][][] 
 []

[19

] [20 <./assets/gitbook.png>] [21]
Underfull \vbox (badness 10000) has occurred while \output is active []


Overfull \hbox (336.25pt too wide) has occurred while \output is active
[]
 []


Underfull \vbox (badness 10000) has occurred while \output is active []


Overfull \hbox (336.25pt too wide) has occurred while \output is active
[]
 []


Underfull \vbox (badness 10000) has occurred while \output is active []


Overfull \hbox (336.25pt too wide) has occurred while \output is active
[]
 []


Underfull \vbox (badness 10000) has occurred while \output is active []


Overfull \hbox (336.25pt too wide) has occurred while \output is active
[]
 []


Underfull \hbox (badness 10000) has occurred while \output is active
 [][][][] 
 []

[22

]
Underfull \vbox (badness 10000) detected at line 747
 []


Overfull \hbox (336.25pt too wide) detected at line 747
[]
 []


Underfull \vbox (badness 10000) detected at line 747
 []


Overfull \hbox (336.25pt too wide) detected at line 747
[]
 []


Underfull \vbox (badness 10000) detected at line 747
 []


Overfull \hbox (336.25pt too wide) detected at line 747
[]
 []


Underfull \vbox (badness 10000) detected at line 747
 []


Overfull \hbox (336.25pt too wide) detected at line 747
[]
 []

Chapter 6.
Package atveryend Info: Empty hook `BeforeClearDocument' on input line 762.

Underfull \hbox (badness 10000) has occurred while \output is active
 [][][][] 
 []

[23

]
Package atveryend Info: Empty hook `AfterLastShipout' on input line 762.
(./handout.aux)
Package atveryend Info: Executing hook `AtVeryEndDocument' on input line 762.
Package atveryend Info: Executing hook `AtEndAfterFileList' on input line 762.
Package rerunfilecheck Info: File `handout.out' has not changed.
(rerunfilecheck)             Checksum: 32424F08A769AC2A31615E5CB9D6CD85;2210.

LaTeX Warning: There were undefined references.

 ) 
Here is how much of TeX's memory you used:
 14012 strings out of 494562
 194336 string characters out of 6176063
 293181 words of memory out of 5000000
 17096 multiletter control sequences out of 15000+600000
 152907 words of font info for 311 fonts, out of 8000000 for 9000
 14 hyphenation exceptions out of 8191
 42i,8n,35p,855b,590s stack positions out of 5000i,500n,10000p,200000b,80000s
{c:/Users/mdlhs/AppData/Roaming/TinyTeX/texmf-dist/fonts/enc/dvips/lm/lm-ec.e
nc}{c:/Users/mdlhs/AppData/Roaming/TinyTeX/texmf-dist/fonts/enc/dvips/lm/lm-ts1
.enc}<c:/Users/mdlhs/AppData/Roaming/TinyTeX/texmf-dist/fonts/type1/public/lm/l
mbx10.pfb><c:/Users/mdlhs/AppData/Roaming/TinyTeX/texmf-dist/fonts/type1/public
/lm/lmbx12.pfb><c:/Users/mdlhs/AppData/Roaming/TinyTeX/texmf-dist/fonts/type1/p
ublic/lm/lmbxo10.pfb><c:/Users/mdlhs/AppData/Roaming/TinyTeX/texmf-dist/fonts/t
ype1/public/lm/lmr10.pfb><c:/Users/mdlhs/AppData/Roaming/TinyTeX/texmf-dist/fon
ts/type1/public/lm/lmr6.pfb><c:/Users/mdlhs/AppData/Roaming/TinyTeX/texmf-dist/
fonts/type1/public/lm/lmr7.pfb><c:/Users/mdlhs/AppData/Roaming/TinyTeX/texmf-di
st/fonts/type1/public/lm/lmr8.pfb><c:/Users/mdlhs/AppData/Roaming/TinyTeX/texmf
-dist/fonts/type1/public/lm/lmri10.pfb><c:/Users/mdlhs/AppData/Roaming/TinyTeX/
texmf-dist/fonts/type1/public/lm/lmro17.pfb><c:/Users/mdlhs/AppData/Roaming/Tin
yTeX/texmf-dist/fonts/type1/public/lm/lmtk10.pfb><c:/Users/mdlhs/AppData/Roamin
g/TinyTeX/texmf-dist/fonts/type1/public/lm/lmtt10.pfb><c:/Users/mdlhs/AppData/R
oaming/TinyTeX/texmf-dist/fonts/type1/public/lm/lmtti10.pfb><c:/Users/mdlhs/App
Data/Roaming/TinyTeX/texmf-dist/fonts/type1/uhc/umj/umj00.pfb><c:/Users/mdlhs/A
ppData/Roaming/TinyTeX/texmf-dist/fonts/type1/uhc/umj/umj10.pfb><c:/Users/mdlhs
/AppData/Roaming/TinyTeX/texmf-dist/fonts/type1/uhc/umj/umj10.pfb><c:/Users/mdl
hs/AppData/Roaming/TinyTeX/texmf-dist/fonts/type1/uhc/umj/umj10.pfb><c:/Users/m
dlhs/AppData/Roaming/TinyTeX/texmf-dist/fonts/type1/uhc/umj/umj10.pfb><c:/Users
/mdlhs/AppData/Roaming/TinyTeX/texmf-dist/fonts/type1/uhc/umj/umj11.pfb><c:/Use
rs/mdlhs/AppData/Roaming/TinyTeX/texmf-dist/fonts/type1/uhc/umj/umj11.pfb><c:/U
sers/mdlhs/AppData/Roaming/TinyTeX/texmf-dist/fonts/type1/uhc/umj/umj11.pfb><c:
/Users/mdlhs/AppData/Roaming/TinyTeX/texmf-dist/fonts/type1/uhc/umj/umj11.pfb><
c:/Users/mdlhs/AppData/Roaming/TinyTeX/texmf-dist/fonts/type1/uhc/umj/umj12.pfb
><c:/Users/mdlhs/AppData/Roaming/TinyTeX/texmf-dist/fonts/type1/uhc/umj/umj12.p
fb><c:/Users/mdlhs/AppData/Roaming/TinyTeX/texmf-dist/fonts/type1/uhc/umj/umj12
.pfb><c:/Users/mdlhs/AppData/Roaming/TinyTeX/texmf-dist/fonts/type1/uhc/umj/umj
12.pfb><c:/Users/mdlhs/AppData/Roaming/TinyTeX/texmf-dist/fonts/type1/uhc/umj/u
mj13.pfb><c:/Users/mdlhs/AppData/Roaming/TinyTeX/texmf-dist/fonts/type1/uhc/umj
/umj13.pfb><c:/Users/mdlhs/AppData/Roaming/TinyTeX/texmf-dist/fonts/type1/uhc/u
mj/umj13.pfb><c:/Users/mdlhs/AppData/Roaming/TinyTeX/texmf-dist/fonts/type1/uhc
/umj/umj13.pfb><c:/Users/mdlhs/AppData/Roaming/TinyTeX/texmf-dist/fonts/type1/u
hc/umj/umj14.pfb><c:/Users/mdlhs/AppData/Roaming/TinyTeX/texmf-dist/fonts/type1
/uhc/umj/umj14.pfb><c:/Users/mdlhs/AppData/Roaming/TinyTeX/texmf-dist/fonts/typ
e1/uhc/umj/umj14.pfb><c:/Users/mdlhs/AppData/Roaming/TinyTeX/texmf-dist/fonts/t
ype1/uhc/umj/umj14.pfb><c:/Users/mdlhs/AppData/Roaming/TinyTeX/texmf-dist/fonts
/type1/uhc/umj/umj15.pfb><c:/Users/mdlhs/AppData/Roaming/TinyTeX/texmf-dist/fon
ts/type1/uhc/umj/umj15.pfb><c:/Users/mdlhs/AppData/Roaming/TinyTeX/texmf-dist/f
onts/type1/uhc/umj/umj15.pfb><c:/Users/mdlhs/AppData/Roaming/TinyTeX/texmf-dist
/fonts/type1/uhc/umj/umj15.pfb><c:/Users/mdlhs/AppData/Roaming/TinyTeX/texmf-di
st/fonts/type1/uhc/umj/umj16.pfb><c:/Users/mdlhs/AppData/Roaming/TinyTeX/texmf-
dist/fonts/type1/uhc/umj/umj16.pfb><c:/Users/mdlhs/AppData/Roaming/TinyTeX/texm
f-dist/fonts/type1/uhc/umj/umj16.pfb><c:/Users/mdlhs/AppData/Roaming/TinyTeX/te
xmf-dist/fonts/type1/uhc/umj/umj16.pfb><c:/Users/mdlhs/AppData/Roaming/TinyTeX/
texmf-dist/fonts/type1/uhc/umj/umj17.pfb><c:/Users/mdlhs/AppData/Roaming/TinyTe
X/texmf-dist/fonts/type1/uhc/umj/umj17.pfb>
Output written on handout.pdf (27 pages, 806863 bytes).
PDF statistics:
 571 PDF objects out of 1000 (max. 8388607)
 438 compressed objects within 5 object streams
 87 named destinations out of 1000 (max. 500000)
 194 words of extra memory for PDF output out of 10000 (max. 10000000)

